21:32:46.099 [CLI TAE (STDERR Thread - #0)] WARN  c.u.c.b.a.t.b.c.CommandLineAlgorithmRun - [PROCESS-ERR]  weka.core.Version: Unable to load version information!
21:32:46.127 [CLI TAE (Master Thread - #0)] ERROR c.u.c.b.a.t.b.c.CommandLineAlgorithmRun - The following algorithm call failed: cd "F:\Data\Uni\PG\AILibs\softwareconfiguration\defaultEval" &  python F:\Data\Uni\PG\DefaultEvalEnvironment/py_wrapper/weka.attributeSelection.GainRatioAttributeEvalweka.classifiers.meta.Votebreast-cancer.py no_instance 0 1.7976931348623157E308 2147483647 -1 -R 'AVG' -S '1'  
21:32:46.127 [CLI TAE (Master Thread - #0)] ERROR c.u.c.b.a.t.b.c.CommandLineAlgorithmRun - The last 3 lines of output we saw were:
21:32:46.127 [CLI TAE (Master Thread - #0)] ERROR c.u.c.b.a.t.b.c.CommandLineAlgorithmRun - > Parse file F:\Data\Uni\PG\AILibs\softwareconfiguration\mlplan\model\weka\weka-classifiers-autoweka.json
21:32:46.140 [CLI TAE (Master Thread - #0)] ERROR c.u.c.b.a.t.b.c.CommandLineAlgorithmRun - > Parse file F:\Data\Uni\PG\AILibs\softwareconfiguration\mlplan\model\weka\weka-preprocessors-autoweka.json
21:32:46.140 [CLI TAE (Master Thread - #0)] ERROR c.u.c.b.a.t.b.c.CommandLineAlgorithmRun - > S
21:32:46.150 [CLI TAE (STDERR Thread - #0)] WARN  c.u.c.b.a.t.b.c.CommandLineAlgorithmRun - [PROCESS-ERR] java.lang.NullPointerException
	at defaultEval.core.PipelineEvaluator.main(PipelineEvaluator.java:73)
Traceback (most recent call last):
  File "F:\Data\Uni\PG\DefaultEvalEnvironment/py_wrapper/weka.attributeSelection.GainRatioAttributeEvalweka.classifiers.meta.Votebreast-cancer.py", line 12, in <module>
    file = open("results/weka.attributeSelection.GainRatioAttributeEvalweka.classifiers.meta.Votebreast-cancer.txt", "r")
IOError: [Errno 2] No such file or directory: 'results/weka.attributeSelection.GainRatioAttributeEvalweka.classifiers.meta.Votebreast-cancer.txt'
21:32:46.208 [main] ERROR c.u.c.b.smac.executors.SMACExecutor - Message:  Wrapper did not output anything that matched the expected output ("Result of algorithm run:..."). Please try executing the wrapper directly
21:32:46.212 [main] ERROR c.u.c.b.smac.executors.SMACExecutor - A serious problem occured during target algorithm execution and we are aborting execution 
ca.ubc.cs.beta.aeatk.targetalgorithmevaluator.exceptions.TargetAlgorithmAbortException:  Wrapper did not output anything that matched the expected output ("Result of algorithm run:..."). Please try executing the wrapper directly
	at ca.ubc.cs.beta.aeatk.targetalgorithmevaluator.decorators.safety.AbortOnFirstRunCrashTargetAlgorithmEvaluator.validate(AbortOnFirstRunCrashTargetAlgorithmEvaluator.java:55) ~[aeatk.jar:na]
	at ca.ubc.cs.beta.aeatk.targetalgorithmevaluator.decorators.safety.AbortOnFirstRunCrashTargetAlgorithmEvaluator.access$000(AbortOnFirstRunCrashTargetAlgorithmEvaluator.java:23) ~[aeatk.jar:na]
	at ca.ubc.cs.beta.aeatk.targetalgorithmevaluator.decorators.safety.AbortOnFirstRunCrashTargetAlgorithmEvaluator$1.onSuccess(AbortOnFirstRunCrashTargetAlgorithmEvaluator.java:80) ~[aeatk.jar:na]
	at ca.ubc.cs.beta.aeatk.targetalgorithmevaluator.base.cli.CommandLineTargetAlgorithmEvaluator$1$1.run(CommandLineTargetAlgorithmEvaluator.java:164) ~[aeatk.jar:na]
	at java.util.concurrent.ThreadPoolExecutor.runWorker(Unknown Source) ~[na:1.8.0_152]
	at java.util.concurrent.ThreadPoolExecutor$Worker.run(Unknown Source) ~[na:1.8.0_152]
	at java.lang.Thread.run(Unknown Source) ~[na:1.8.0_152]
21:32:46.212 [main] ERROR c.u.c.b.smac.executors.SMACExecutor - We tried to call the target algorithm wrapper, but this call failed.
21:32:46.212 [main] ERROR c.u.c.b.smac.executors.SMACExecutor - The problem is (most likely) somewhere in the wrapper or with the arguments to SMAC.
21:32:46.212 [main] ERROR c.u.c.b.smac.executors.SMACExecutor - The easiest way to debug this problem is to manually execute the call we tried and see why it did not return the correct result
21:32:46.213 [main] ERROR c.u.c.b.smac.executors.SMACExecutor - The required output of the wrapper is something like "Result for ParamILS: x,x,x,x,x".);
